Send Receive EM
Req UCMM: 10 03 20 6B 24 01 30 12 
Res: CIP Status = 9 (0x09) Ext = None => Invalid attribute value
Send Receive EM
Req UCMM: 10 03 20 6B 24 01 30 12 01 00 00 00 
Res: 90 00 00 00 
Send Receive EM
Req UCMM: 10 03 20 6B 24 01 30 12 0F 00 00 00 
Res: 90 00 00 00 
Send Receive EM
Req UCMM: 10 03 20 6B 24 01 30 12 0F 00 00 00 
Res: 90 00 00 00 
Send Receive EM
Req UCMM: 10 03 20 6B 24 01 30 12 0F 00 00 00 
Res: 90 00 00 00 
Send Receive EM
Req UCMM: 10 03 20 6B 24 01 30 12 0F 00 00 00 
Res: 90 00 00 00 
Send Receive EM
Req UCMM: 10 03 20 6B 24 01 30 12 0F 00 00 00 
Res: 90 00 00 00 
Send Receive EM
Req UCMM: 01 03 20 A0 24 02 30 0A 0F 00 00 00 
Res: 81 00 00 00 0B 00 03 00 00 00 00 00 36 00 00 00 52 48 04 53 30 34 2D 41 55 47 2D 32 30 32 31 20 30 39 3A 30 32 3A 31 38 41 4D 00 00 53 52 56 4F 2D 30 30 33 20 44 65 61 64 6D 61 6E 20 73 77 69 74 63 68 20 72 65 6C 65 61 73 65 64 20 20 20 20 20 20 20 20 20 20 20 20 20 20 20 20 20 20 20 20 20 20 20 20 20 20 20 20 20 20 20 20 20 20 20 20 20 20 20 20 20 20 20 20 20 20 20 00 20 20 20 20 20 20 20 20 20 20 20 20 20 20 20 20 20 20 20 20 20 20 20 20 20 20 20 20 20 20 20 20 20 20 20 20 20 20 20 00 00 00 00 00 00 00 00 00 00 00 00 00 00 00 00 00 00 00 00 00 00 00 00 00 00 00 00 00 00 00 00 00 00 00 00 00 00 00 00 00 53 45 52 56 4F 00 00 00 00 00 00 00 00 00 00 00 00 00 00 00 00 00 00 00 
Send Receive EM
Req UCMM: 01 03 20 A0 24 01 30 0A 0F 00 00 00 
Res: 81 00 00 00 0D 00 53 00 00 00 00 00 26 00 00 00 52 48 04 53 30 34 2D 41 55 47 2D 32 30 32 31 20 30 39 3A 30 32 3A 31 38 41 4D 00 00 50 52 49 4F 2D 30 38 33 20 44 69 67 69 74 61 6C 20 49 2F 4F 20 69 73 20 6E 6F 74 20 72 65 63 6F 76 65 72 65 64 20 20 20 20 20 20 20 20 20 20 20 20 20 20 20 20 20 20 20 20 20 20 20 20 20 20 20 20 20 20 20 20 20 20 20 20 20 20 20 20 20 20 00 20 20 20 20 20 20 20 20 20 20 20 20 20 20 20 20 20 20 20 20 20 20 20 20 20 20 20 20 20 20 20 20 20 20 20 20 20 20 20 00 00 00 00 00 00 00 00 00 00 00 00 00 00 00 00 00 00 00 00 00 00 00 00 00 00 00 00 00 00 00 00 00 00 00 00 00 00 00 00 00 53 54 4F 50 2E 47 00 00 00 00 00 00 00 00 00 00 00 00 00 00 00 00 00 00 
Send Receive EM
Req UCMM: 01 02 20 A1 24 01 0F 00 00 00 
Res: 81 00 00 00 0D 00 E6 00 0D 00 E7 00 00 00 00 00 03 4C 04 53 30 34 2D 41 55 47 2D 32 30 32 31 20 30 39 3A 33 32 3A 30 33 41 4D 00 00 50 52 49 4F 2D 32 33 30 20 45 74 68 65 72 4E 65 74 2F 49 50 20 41 64 61 70 74 65 72 20 45 72 72 6F 72 20 28 34 29 20 20 20 20 20 20 20 20 20 20 20 20 20 20 20 20 20 20 20 20 20 20 20 20 20 20 20 20 20 20 20 20 20 20 20 20 20 20 20 20 20 00 50 52 49 4F 2D 32 33 31 20 45 74 68 65 72 4E 65 74 2F 49 50 20 41 64 61 70 74 65 72 20 49 64 6C 65 20 20 20 20 20 20 20 20 20 20 20 20 20 20 20 20 20 20 20 20 20 20 20 20 20 20 20 20 20 20 20 20 20 20 20 20 20 20 20 20 20 20 20 20 20 20 00 57 41 52 4E 00 00 00 00 00 00 00 00 00 00 00 00 00 00 00 00 00 00 00 00 
Send Receive EM
Req UCMM: 0E 03 20 04 24 42 30 03 0F 00 00 00 
Res: CIP Status = 5 (0x05) Ext = None => Path destination unknown
Get Attribute All : Class 0x01 - Instance 0x01 :
Req UCMM: 01 02 20 01 24 01 
Res: 81 00 00 00 34 05 0C 00 01 03 01 2A 61 00 64 15 4B A0 20 46 72 6F 6E 69 75 73 2D 46 42 2D 49 6E 73 69 64 65 2D 45 74 68 65 72 4E 65 74 49 50 28 54 4D 29 FF 00 00 00 
Send Receive EM
Req UCMM: 01 02 20 01 24 01 
Res: 81 00 00 00 34 05 0C 00 01 03 01 2A 61 00 64 15 4B A0 20 46 72 6F 6E 69 75 73 2D 46 42 2D 49 6E 73 69 64 65 2D 45 74 68 65 72 4E 65 74 49 50 28 54 4D 29 FF 00 00 00 
Send Receive EM
Req UCMM: 01 02 20 01 24 01 
Res: 81 00 00 00 34 05 0C 00 01 03 01 2A 61 00 64 15 4B A0 20 46 72 6F 6E 69 75 73 2D 46 42 2D 49 6E 73 69 64 65 2D 45 74 68 65 72 4E 65 74 49 50 28 54 4D 29 FF 00 00 00 
Send Receive EM
Req UCMM: 01 02 20 01 24 01 
Res: 81 00 00 00 34 05 0C 00 01 03 01 2A 61 00 64 15 4B A0 20 46 72 6F 6E 69 75 73 2D 46 42 2D 49 6E 73 69 64 65 2D 45 74 68 65 72 4E 65 74 49 50 28 54 4D 29 FF 00 00 00 
Send Receive EM
Req UCMM: 01 02 20 01 24 01 
Res: 81 00 00 00 34 05 0C 00 01 03 01 2A 61 00 64 15 4B A0 20 46 72 6F 6E 69 75 73 2D 46 42 2D 49 6E 73 69 64 65 2D 45 74 68 65 72 4E 65 74 49 50 28 54 4D 29 FF 00 00 00 
Send Receive EM
Req UCMM: 01 02 20 01 24 01 
Res: 81 00 00 00 34 05 0C 00 01 03 01 2A 61 00 64 15 4B A0 20 46 72 6F 6E 69 75 73 2D 46 42 2D 49 6E 73 69 64 65 2D 45 74 68 65 72 4E 65 74 49 50 28 54 4D 29 FF 00 00 00 
Send Receive EM
Req UCMM: 01 02 20 01 24 01 
Res: 81 00 00 00 34 05 0C 00 01 03 01 2A 61 00 64 15 4B A0 20 46 72 6F 6E 69 75 73 2D 46 42 2D 49 6E 73 69 64 65 2D 45 74 68 65 72 4E 65 74 49 50 28 54 4D 29 FF 00 00 00 
Send Receive EM
Req UCMM: 01 03 21 00 17 0E 24 01 
Res: CIP Status = 5 (0x05) Ext = None => Path destination unknown
Send Receive EM
Req UCMM: 01 03 21 00 05 0E 24 01 
Res: CIP Status = 5 (0x05) Ext = None => Path destination unknown
Send Receive EM
Req UCMM: 01 02 20 E5 24 01 
Res: CIP Status = 5 (0x05) Ext = None => Path destination unknown
Send Receive EM
Req UCMM: 01 02 20 05 24 01 
Res: CIP Status = 5 (0x05) Ext = None => Path destination unknown
Send Receive EM
Req UCMM: 01 02 20 A0 24 01 
Res: CIP Status = 5 (0x05) Ext = None => Path destination unknown
Send Receive EM
Req UCMM: 0E 03 20 A0 24 01 30 01 
Res: CIP Status = 5 (0x05) Ext = None => Path destination unknown
Send Receive EM
Req UCMM: 0E 03 20 A0 24 01 30 01 
Res: CIP Status = 5 (0x05) Ext = None => Path destination unknown
Send Receive EM
Req UCMM: 0E 03 20 A0 24 01 30 01 
Res: CIP Status = 5 (0x05) Ext = None => Path destination unknown
Send Receive EM
Req UCMM: 0E 03 20 02 24 01 30 01 
Res: CIP Status = 8 (0x08) Ext = None => Service not supported
Send Receive EM
Req UCMM: 01 03 20 02 24 01 30 01 
Res: CIP Status = 8 (0x08) Ext = None => Service not supported
Send Receive EM
Req UCMM: 01 03 20 01 24 01 30 01 
Res: CIP Status = 4 (0x04) Ext = None => Path segment error
Send Receive EM
Req UCMM: 01 02 20 01 24 01 
Res: 81 00 00 00 34 05 0C 00 01 03 01 2A 61 00 64 15 4B A0 20 46 72 6F 6E 69 75 73 2D 46 42 2D 49 6E 73 69 64 65 2D 45 74 68 65 72 4E 65 74 49 50 28 54 4D 29 FF 00 00 00 
Send Receive EM
Req UCMM: 01 02 20 03 24 01 
Res: CIP Status = 5 (0x05) Ext = None => Path destination unknown
Send Receive EM
Req UCMM: 01 02 20 04 24 01 
Res: CIP Status = 5 (0x05) Ext = None => Path destination unknown
Send Receive EM
Req UCMM: 01 02 20 05 24 01 
Res: CIP Status = 5 (0x05) Ext = None => Path destination unknown
Send Receive EM
Req UCMM: 01 02 20 06 24 01 
Res: 81 00 00 00 01 00 00 00 00 00 00 00 00 00 00 00 00 00 00 00 
Send Receive EM
Req UCMM: 01 02 20 07 24 01 
Res: CIP Status = 5 (0x05) Ext = None => Path destination unknown
Send Receive EM
Req UCMM: 01 02 20 08 24 01 
Res: CIP Status = 5 (0x05) Ext = None => Path destination unknown
Send Receive EM
Req UCMM: 01 02 20 09 24 01 
Res: CIP Status = 5 (0x05) Ext = None => Path destination unknown
Send Receive EM
Req UCMM: 01 02 20 0A 24 01 
Res: CIP Status = 5 (0x05) Ext = None => Path destination unknown
Send Receive EM
Req UCMM: 01 02 20 0B 24 01 
Res: CIP Status = 5 (0x05) Ext = None => Path destination unknown
Send Receive EM
Req UCMM: 01 02 20 0C 24 01 
Res: CIP Status = 5 (0x05) Ext = None => Path destination unknown
Send Receive EM
Req UCMM: 01 02 20 0D 24 01 
Res: CIP Status = 5 (0x05) Ext = None => Path destination unknown
Send Receive EM
Req UCMM: 01 02 20 0E 24 01 
Res: CIP Status = 5 (0x05) Ext = None => Path destination unknown
Send Receive EM
Req UCMM: 01 02 20 0F 24 01 
Res: 81 00 00 00 00 00 10 00 C6 01 08 52 65 73 65 72 76 65 64 00 00 00 00 00 01 00 01 00 01 00 00 00 00 00 00 00 00 00 00 00 00 
Send Receive EM
Req UCMM: 01 02 20 01 24 01 
Res: 81 00 00 00 34 05 0C 00 01 03 01 2A 61 00 64 15 4B A0 20 46 72 6F 6E 69 75 73 2D 46 42 2D 49 6E 73 69 64 65 2D 45 74 68 65 72 4E 65 74 49 50 28 54 4D 29 FF 00 00 00 
Send Receive EM
Req UCMM: 01 02 20 02 24 01 
Res: CIP Status = 8 (0x08) Ext = None => Service not supported
Send Receive EM
Req UCMM: 01 02 20 03 24 01 
Res: CIP Status = 5 (0x05) Ext = None => Path destination unknown
Send Receive EM
Req UCMM: 01 02 20 02 24 01 
Res: CIP Status = 8 (0x08) Ext = None => Service not supported
Send Receive EM
Req UCMM: 01 02 20 04 24 01 
Res: CIP Status = 5 (0x05) Ext = None => Path destination unknown
Send Receive EM
Req UCMM: 01 02 20 05 24 01 
Res: CIP Status = 5 (0x05) Ext = None => Path destination unknown
Send Receive EM
Req UCMM: 01 02 20 06 24 01 
Res: 81 00 00 00 01 00 00 00 00 00 00 00 00 00 00 00 00 00 00 00 
Send Receive EM
Req UCMM: 01 02 20 07 24 01 
Res: CIP Status = 5 (0x05) Ext = None => Path destination unknown
Send Receive EM
Req UCMM: 01 02 20 08 24 01 
Res: CIP Status = 5 (0x05) Ext = None => Path destination unknown
Send Receive EM
Req UCMM: 01 02 20 09 24 01 
Res: CIP Status = 5 (0x05) Ext = None => Path destination unknown
